Removed Pin From Net: NetName=GND Pin=C4-1
Removed Pin From Net: NetName=ESP32_TMS Pin=J6-2
Removed Pin From Net: NetName=GND Pin=J6-3
Removed Pin From Net: NetName=ESP32_TDI Pin=J6-4
Removed Pin From Net: NetName=ESP32_IO0 Pin=J6-5
Removed Pin From Net: NetName=ESP32_IO1 Pin=J6-7
Removed Pin From Net: NetName=ESP32_TDO Pin=J6-8
Removed Pin From Net: NetName=VCC_3V3 Pin=J6-9
Removed Pin From Net: NetName=GND Pin=J6-10
Added Pin To Net: NetName=SPI1_CS_DAC0 Pin=C4-1
Added Pin To Net: NetName=GND Pin=C4-2
Added Pin To Net: NetName=VCC_3V3 Pin=J6-1
Added Pin To Net: NetName=SPI1_CS_DAC0 Pin=J6-2
Added Pin To Net: NetName=ESP32_IO0 Pin=J6-3
Added Pin To Net: NetName=ESP32_TDO Pin=J6-4
Added Pin To Net: NetName=ESP32_IO1 Pin=J6-5
Added Pin To Net: NetName=GND Pin=J6-7
Added Pin To Net: NetName=ESP32_TDI Pin=J6-8
Added Pin To Net: NetName=GND Pin=J6-9
Added Pin To Net: NetName=ESP32_TMS Pin=J6-10
