Removed Pin From Net: NetName=MCU_FS_P Pin=R15-1
Removed Pin From Net: NetName=USB_P Pin=R15-2
Removed Pin From Net: NetName=MCU_FS_N Pin=R18-1
Removed Pin From Net: NetName=USB_N Pin=R18-2
Removed Pin From Net: NetName=ESP32_FS_P Pin=R26-1
Removed Pin From Net: NetName=USB_P Pin=R26-2
Removed Pin From Net: NetName=ESP32_FS_N Pin=R27-1
Removed Pin From Net: NetName=USB_N Pin=R27-2
Removed Member From Class: ClassName=MCU_Power Member=R18
Removed Member From Class: ClassName=MCU_Power Member=R26
Removed Member From Class: ClassName=MCU_Power Member=R27
Change Component Comment : Designator=R15 Old Comment=0Ω New Comment=2.7KΩ
Change Component Designator: OldDesignator=R15 NewDesignator=R16
Change Component Designator: OldDesignator=R16 NewDesignator=R15
Change component parameters: Designator = "R16"; Footprint = "0603_R"; UniqueID = "\NKRNUBYL\EBEDFGPB"
Change component parameters. Clean all parameters for all variants
Change component parameters (AddParameter): Name = "ComponentLink1Description"; Value = "供应商链接"; VariantName = "[No Variations]"
Change component parameters (AddParameter): Name = "ComponentLink1URL"; Value = "http://www.szlcsc.com/product/details_13814.html"; VariantName = "[No Variations]"
Change component parameters (AddParameter): Name = "Notepad"; Value = ""; VariantName = "[No Variations]"
Change component parameters (AddParameter): Name = "Package"; Value = "0603"; VariantName = "[No Variations]"
Change component parameters (AddParameter): Name = "Supplier"; Value = "LC"; VariantName = "[No Variations]"
Change component parameters (AddParameter): Name = "SuppliersPartNumber"; Value = "C13167"; VariantName = "[No Variations]"
Added Component: Designator=C4(0603_C)
Add component. Clean all parameters for all variants
Add component (AddParameter): Name = "ComponentLink1Description"; Value = "供应商链接"; VariantName = "[No Variations]"
Add component (AddParameter): Name = "ComponentLink1URL"; Value = "http://www.szlcsc.com/product/details_20411.html"; VariantName = "[No Variations]"
Add component (AddParameter): Name = "Notepad"; Value = ""; VariantName = "[No Variations]"
Add component (AddParameter): Name = "Package"; Value = "0603"; VariantName = "[No Variations]"
Add component (AddParameter): Name = "Supplier"; Value = "LC"; VariantName = "[No Variations]"
Add component (AddParameter): Name = "SuppliersPartNumber"; Value = "C19702"; VariantName = "[No Variations]"
Added Component: Designator=C12(0603_C)
Add component. Clean all parameters for all variants
Add component (AddParameter): Name = "ComponentLink1Description"; Value = "供应商链接"; VariantName = "[No Variations]"
Add component (AddParameter): Name = "ComponentLink1URL"; Value = "http://www.szlcsc.com/product/details_20411.html"; VariantName = "[No Variations]"
Add component (AddParameter): Name = "Notepad"; Value = ""; VariantName = "[No Variations]"
Add component (AddParameter): Name = "Package"; Value = "0603"; VariantName = "[No Variations]"
Add component (AddParameter): Name = "Supplier"; Value = "LC"; VariantName = "[No Variations]"
Add component (AddParameter): Name = "SuppliersPartNumber"; Value = "C19702"; VariantName = "[No Variations]"
Added Component: Designator=U4(SSOP-16_L4.9-W3.9-P0.64-LS6.0-BL)
Add component. Clean all parameters for all variants
Add component (AddParameter): Name = "BOM_LCSC Assembly"; Value = "Yes"; VariantName = "[No Variations]"
Add component (AddParameter): Name = "BOM_Manufacturer"; Value = ""; VariantName = "[No Variations]"
Add component (AddParameter): Name = "BOM_Manufacturer Part"; Value = ""; VariantName = "[No Variations]"
Add component (AddParameter): Name = "BOM_Supplier"; Value = "zhqsoft"; VariantName = "[No Variations]"
Add component (AddParameter): Name = "BOM_Supplier Part"; Value = ""; VariantName = "[No Variations]"
Add component (AddParameter): Name = "Contributor"; Value = "私有工程"; VariantName = "[No Variations]"
Add component (AddParameter): Name = "SMT Type"; Value = "Extend"; VariantName = "[No Variations]"
Add component (AddParameter): Name = "spicePre"; Value = "U"; VariantName = "[No Variations]"
Add component (AddParameter): Name = "spiceSymbolName"; Value = "FE8.1"; VariantName = "[No Variations]"
Added Component: Designator=X1(12MHz)
Add component. Clean all parameters for all variants
Add component (AddParameter): Name = "BOM_JLCPCB Part Class"; Value = "Extended Part"; VariantName = "[No Variations]"
Add component (AddParameter): Name = "BOM_Manufacturer"; Value = "YXC"; VariantName = "[No Variations]"
Add component (AddParameter): Name = "BOM_Manufacturer Part"; Value = "X503212MSD2GC"; VariantName = "[No Variations]"
Add component (AddParameter): Name = "BOM_Supplier"; Value = "LCSC"; VariantName = "[No Variations]"
Add component (AddParameter): Name = "BOM_Supplier Part"; Value = "C33728"; VariantName = "[No Variations]"
Add component (AddParameter): Name = "nameAlias"; Value = "Frequency"; VariantName = "[No Variations]"
Add component (AddParameter): Name = "spicePre"; Value = "X"; VariantName = "[No Variations]"
Add component (AddParameter): Name = "spiceSymbolName"; Value = "X503212MSD2GC"; VariantName = "[No Variations]"
Added Pin To Net: NetName=GND Pin=C4-2
Added Pin To Net: NetName=GND Pin=C12-2
Added Pin To Net: NetName=GND Pin=R16-2
Added Pin To Net: NetName=ESP32_FS_N Pin=U4-3
Added Pin To Net: NetName=ESP32_FS_P Pin=U4-4
Added Pin To Net: NetName=MCU_FS_N Pin=U4-7
Added Pin To Net: NetName=MCU_FS_P Pin=U4-8
Added Pin To Net: NetName=USB_N Pin=U4-10
Added Pin To Net: NetName=USB_P Pin=U4-11
Added Pin To Net: NetName=GND Pin=U4-14
Added Pin To Net: NetName=NetC4_1 Pin=C4-1
Added Pin To Net: NetName=NetC4_1 Pin=U4-13
Added Net: Name=NetC4_1
Added Pin To Net: NetName=NetC12_1 Pin=C12-1
Added Pin To Net: NetName=NetC12_1 Pin=U4-12
Added Net: Name=NetC12_1
Added Pin To Net: NetName=NetR16_1 Pin=R16-1
Added Pin To Net: NetName=NetR16_1 Pin=U4-9
Added Net: Name=NetR16_1
Added Pin To Net: NetName=NetU4_15 Pin=U4-15
Added Pin To Net: NetName=NetU4_15 Pin=X1-2
Added Net: Name=NetU4_15
Added Pin To Net: NetName=NetU4_16 Pin=U4-16
Added Pin To Net: NetName=NetU4_16 Pin=X1-1
Added Net: Name=NetU4_16
Added Member To Class: ClassName=MCU_Power Member=Component C4 10uF
Added Member To Class: ClassName=MCU_Power Member=Component C12 10uF
Added Member To Class: ClassName=MCU_Power Member=Component U4 FE8.1
Added Member To Class: ClassName=MCU_Power Member=Component X1 12MHz
